Using pre-set license
Built from '2020.3/staging' branch; Version is '2020.3.14f1 (d0d1bb862f9d) revision 13685179'; Using compiler version '192528614'; Build Type 'Release'
OS: 'Windows 10 Education; OS build 19043.1586; Version 2009; 64bit' Language: 'en' Physical Memory: 32487 MB
BatchMode: 1, IsHumanControllingUs: 0, StartBugReporterOnCrash: 0, Is64bit: 1, IsPro: 0

 COMMAND LINE ARGUMENTS:
C:\Program Files\Unity\Hub\Editor\2020.3.14f1\Editor\Unity.exe
-adb2
-batchMode
-noUpm
-name
AssetImportWorker0
-projectPath
C:/UnityProjects/InterStory_Gameplay-Interaction-Student
-logFile
Logs/AssetImportWorker0.log
-srvPort
57919
Successfully changed project path to: C:/UnityProjects/InterStory_Gameplay-Interaction-Student
C:/UnityProjects/InterStory_Gameplay-Interaction-Student
Using Asset Import Pipeline V2.
Refreshing native plugins compatible for Editor in 23.93 ms, found 2 plugins.
Preloading 0 native plugins for Editor in 0.00 ms.
Initialize engine version: 2020.3.14f1 (d0d1bb862f9d)
[Subsystems] Discovering subsystems at path C:/Program Files/Unity/Hub/Editor/2020.3.14f1/Editor/Data/Resources/UnitySubsystems
[Subsystems] Discovering subsystems at path C:/UnityProjects/InterStory_Gameplay-Interaction-Student/Assets
GfxDevice: creating device client; threaded=0
Direct3D:
    Version:  Direct3D 11.0 [level 11.1]
    Renderer: NVIDIA GeForce RTX 3050 Ti Laptop GPU (ID=0x25a0)
    Vendor:   
    VRAM:     3993 MB
    Driver:   30.0.14.7135
Initialize mono
Mono path[0] = 'C:/Program Files/Unity/Hub/Editor/2020.3.14f1/Editor/Data/Managed'
Mono path[1] = 'C:/Program Files/Unity/Hub/Editor/2020.3.14f1/Editor/Data/MonoBleedingEdge/lib/mono/unityjit'
Mono config path = 'C:/Program Files/Unity/Hub/Editor/2020.3.14f1/Editor/Data/MonoBleedingEdge/etc'
Using monoOptions --debugger-agent=transport=dt_socket,embedding=1,server=y,suspend=n,address=127.0.0.1:56396
Begin MonoManager ReloadAssembly
Registering precompiled unity dll's ...
Register platform support module: C:/Program Files/Unity/Hub/Editor/2020.3.14f1/Editor/Data/PlaybackEngines/WindowsStandaloneSupport/UnityEditor.WindowsStandalone.Extensions.dll
Registered in 0.001563 seconds.
Native extension for WindowsStandalone target not found
Refreshing native plugins compatible for Editor in 23.19 ms, found 2 plugins.
Preloading 0 native plugins for Editor in 0.00 ms.
Mono: successfully reloaded assembly
- Completed reload, in  0.781 seconds
Domain Reload Profiling:
	ReloadAssembly (781ms)
		BeginReloadAssembly (34ms)
			ExecutionOrderSort (0ms)
			DisableScriptedObjects (0ms)
			BackupInstance (0ms)
			ReleaseScriptingObjects (0ms)
			CreateAndSetChildDomain (1ms)
		EndReloadAssembly (307ms)
			LoadAssemblies (32ms)
			RebuildTransferFunctionScriptingTraits (0ms)
			SetupTypeCache (114ms)
			ReleaseScriptCaches (0ms)
			RebuildScriptCaches (20ms)
			SetupLoadedEditorAssemblies (123ms)
				LogAssemblyErrors (0ms)
				InitializePlatformSupportModulesInManaged (3ms)
				SetLoadedEditorAssemblies (0ms)
				RefreshPlugins (23ms)
				BeforeProcessingInitializeOnLoad (10ms)
				ProcessInitializeOnLoadAttributes (61ms)
				ProcessInitializeOnLoadMethodAttributes (24ms)
				AfterProcessingInitializeOnLoad (0ms)
				EditorAssembliesLoaded (0ms)
			ExecutionOrderSort2 (0ms)
			AwakeInstancesAfterBackupRestoration (0ms)
Platform modules already initialized, skipping
Registering precompiled user dll's ...
Registered in 0.002275 seconds.
Begin MonoManager ReloadAssembly
Native extension for WindowsStandalone target not found
Refreshing native plugins compatible for Editor in 0.37 ms, found 2 plugins.
Preloading 0 native plugins for Editor in 0.00 ms.
Mono: successfully reloaded assembly
- Completed reload, in  0.778 seconds
Domain Reload Profiling:
	ReloadAssembly (779ms)
		BeginReloadAssembly (106ms)
			ExecutionOrderSort (0ms)
			DisableScriptedObjects (3ms)
			BackupInstance (0ms)
			ReleaseScriptingObjects (0ms)
			CreateAndSetChildDomain (15ms)
		EndReloadAssembly (626ms)
			LoadAssemblies (57ms)
			RebuildTransferFunctionScriptingTraits (0ms)
			SetupTypeCache (192ms)
			ReleaseScriptCaches (0ms)
			RebuildScriptCaches (28ms)
			SetupLoadedEditorAssemblies (279ms)
				LogAssemblyErrors (0ms)
				InitializePlatformSupportModulesInManaged (7ms)
				SetLoadedEditorAssemblies (0ms)
				RefreshPlugins (0ms)
				BeforeProcessingInitializeOnLoad (69ms)
				ProcessInitializeOnLoadAttributes (187ms)
				ProcessInitializeOnLoadMethodAttributes (11ms)
				AfterProcessingInitializeOnLoad (4ms)
				EditorAssembliesLoaded (0ms)
			ExecutionOrderSort2 (0ms)
			AwakeInstancesAfterBackupRestoration (4ms)
Platform modules already initialized, skipping
========================================================================
Worker process is ready to serve import requests
Launched and connected shader compiler UnityShaderCompiler.exe after 0.04 seconds
Refreshing native plugins compatible for Editor in 0.29 ms, found 2 plugins.
Preloading 0 native plugins for Editor in 0.00 ms.
Unloading 1466 Unused Serialized files (Serialized files now loaded: 0)
System memory in use before: 66.9 MB.
System memory in use after: 67.0 MB.

Unloading 22 unused Assets to reduce memory usage. Loaded Objects now: 1902.
Total: 1.599800 ms (FindLiveObjects: 0.114000 ms CreateObjectMapping: 0.023900 ms MarkObjects: 1.403700 ms  DeleteObjects: 0.057400 ms)

AssetImportParameters requested are different than current active one (requested -> active):
  custom:framework-win-MediaFoundation: 216162199b28c13a410421893ffa2e32 -> 
  custom:video-decoder-ogg-theora: a1e56fd34408186e4bbccfd4996cb3dc -> 
  custom:container-muxer-webm: aa71ff27fc2769a1b78a27578f13a17b -> 
  custom:container-demuxer-webm: 4f35f7cbe854078d1ac9338744f61a02 -> 
  custom:container-demuxer-ogg: 62fdf1f143b41e24485cea50d1cbac27 -> 
  custom:video-encoder-webm-vp8: eb34c28f22e8b96e1ab97ce403110664 -> 
  custom:video-decoder-webm-vp8: 9c59270c3fd7afecdb556c50c9e8de78 -> 
  custom:audio-decoder-ogg-vorbis: bf7c407c2cedff20999df2af8eb42d56 -> 
  custom:audio-encoder-webm-vorbis: bf7c407c2cedff20999df2af8eb42d56 -> 
========================================================================
Received Import Request.
  path: Assets/Scenes/2d Scene.unity
  artifactKey: Guid(a7444b57c0e8d314c9027a2a6c92155b) Importer(815301076,1909f56bfc062723c751e8b465ee728b)
Start importing Assets/Scenes/2d Scene.unity using Guid(a7444b57c0e8d314c9027a2a6c92155b) Importer(815301076,1909f56bfc062723c751e8b465ee728b)  -> (artifact id: 'e2529330909495253bb87a187099a97f') in 0.013877 seconds 
  Import took 0.015813 seconds .

========================================================================
Received Import Request.
  Time since last request: 52.694141 seconds.
  path: Assets/Sprites/Environment/Tiny RPG Forest/New Sprite Atlas.spriteatlas
  artifactKey: Guid(97916076d7004e94cae03e891bdba117) Importer(815301076,1909f56bfc062723c751e8b465ee728b)
Start importing Assets/Sprites/Environment/Tiny RPG Forest/New Sprite Atlas.spriteatlas using Guid(97916076d7004e94cae03e891bdba117) Importer(815301076,1909f56bfc062723c751e8b465ee728b)  -> (artifact id: '36127cf1652cfe80526e6c576b7d1e10') in 0.015180 seconds 
  Import took 0.017779 seconds .

========================================================================
Received Import Request.
  Time since last request: 0.010793 seconds.
  path: Assets/Sprites/Environment/Tiny RPG Forest/New Sprite Atlas.spriteatlas
  artifactKey: Guid(97916076d7004e94cae03e891bdba117) Importer(815301076,1909f56bfc062723c751e8b465ee728b)
Start importing Assets/Sprites/Environment/Tiny RPG Forest/New Sprite Atlas.spriteatlas using Guid(97916076d7004e94cae03e891bdba117) Importer(815301076,1909f56bfc062723c751e8b465ee728b)  -> (artifact id: '36127cf1652cfe80526e6c576b7d1e10') in 0.003429 seconds 
  Import took 0.005285 seconds .

========================================================================
Received Import Request.
  Time since last request: 5.137316 seconds.
  path: Assets/Sprites/Environment/Tiny RPG Forest/New Sprite Atlas.spriteatlas
  artifactKey: Guid(97916076d7004e94cae03e891bdba117) Importer(815301076,1909f56bfc062723c751e8b465ee728b)
Start importing Assets/Sprites/Environment/Tiny RPG Forest/New Sprite Atlas.spriteatlas using Guid(97916076d7004e94cae03e891bdba117) Importer(815301076,1909f56bfc062723c751e8b465ee728b)  -> (artifact id: '281d3713b999ef12f9e2a88beae24e7d') in 0.002550 seconds 
  Import took 0.004817 seconds .

========================================================================
Received Import Request.
  Time since last request: 0.044336 seconds.
  path: Assets/Sprites/Environment/Tiny RPG Forest/New Sprite Atlas.spriteatlas
  artifactKey: Guid(97916076d7004e94cae03e891bdba117) Importer(815301076,1909f56bfc062723c751e8b465ee728b)
Start importing Assets/Sprites/Environment/Tiny RPG Forest/New Sprite Atlas.spriteatlas using Guid(97916076d7004e94cae03e891bdba117) Importer(815301076,1909f56bfc062723c751e8b465ee728b)  -> (artifact id: '281d3713b999ef12f9e2a88beae24e7d') in 0.004307 seconds 
  Import took 0.006791 seconds .

========================================================================
Received Import Request.
  Time since last request: 58.608659 seconds.
  path: Assets/Sprites/Gnome_NPC/all_gnomes.png
  artifactKey: Guid(fdbea0eab21c9f043865ef770fdb70f5) Importer(815301076,1909f56bfc062723c751e8b465ee728b)
Start importing Assets/Sprites/Gnome_NPC/all_gnomes.png using Guid(fdbea0eab21c9f043865ef770fdb70f5) Importer(815301076,1909f56bfc062723c751e8b465ee728b)  -> (artifact id: 'fb75760d437369c47290f2383f815c34') in 0.056552 seconds 
  Import took 0.060260 seconds .

========================================================================
Received Import Request.
  Time since last request: 0.000165 seconds.
  path: Assets/Sprites/Objects/Gem/gem-3.png
  artifactKey: Guid(a5e13dfb52dfd614eaf371b0514cf9ac) Importer(815301076,1909f56bfc062723c751e8b465ee728b)
Start importing Assets/Sprites/Objects/Gem/gem-3.png using Guid(a5e13dfb52dfd614eaf371b0514cf9ac) Importer(815301076,1909f56bfc062723c751e8b465ee728b)  -> (artifact id: 'f81554086009bdfc978f01d3eb8a0846') in 0.036937 seconds 
  Import took 0.039905 seconds .

========================================================================
Received Import Request.
  Time since last request: 0.000174 seconds.
  path: Assets/Sprites/Gnome_NPC/all_gnomes.png
  artifactKey: Guid(fdbea0eab21c9f043865ef770fdb70f5) Importer(815301076,1909f56bfc062723c751e8b465ee728b)
Start importing Assets/Sprites/Gnome_NPC/all_gnomes.png using Guid(fdbea0eab21c9f043865ef770fdb70f5) Importer(815301076,1909f56bfc062723c751e8b465ee728b)  -> (artifact id: 'fb75760d437369c47290f2383f815c34') in 0.006514 seconds 
  Import took 0.009102 seconds .

========================================================================
Received Import Request.
  Time since last request: 0.000244 seconds.
  path: Assets/Sprites/Objects/coin/coin-2.png
  artifactKey: Guid(38e438c577182be4e9d1cbf9e7f73431) Importer(815301076,1909f56bfc062723c751e8b465ee728b)
Start importing Assets/Sprites/Objects/coin/coin-2.png using Guid(38e438c577182be4e9d1cbf9e7f73431) Importer(815301076,1909f56bfc062723c751e8b465ee728b)  -> (artifact id: '17c550032a558ff4a5bc1dc546d649e7') in 0.012644 seconds 
  Import took 0.015111 seconds .

========================================================================
Received Import Request.
  Time since last request: 0.000345 seconds.
  path: Assets/Sprites/Objects/coin/coin-1.png
  artifactKey: Guid(545f98daa67fd0e41832a41ee40c55c9) Importer(815301076,1909f56bfc062723c751e8b465ee728b)
Start importing Assets/Sprites/Objects/coin/coin-1.png using Guid(545f98daa67fd0e41832a41ee40c55c9) Importer(815301076,1909f56bfc062723c751e8b465ee728b)  -> (artifact id: 'b58d192ed1d3695397689e8bb1c2ce1f') in 0.011749 seconds 
  Import took 0.013794 seconds .

========================================================================
Received Import Request.
  Time since last request: 0.000191 seconds.
  path: Assets/Sprites/Objects/coin/coin-4.png
  artifactKey: Guid(583e4c0b069fe0b4bbb9885b4e688ac3) Importer(815301076,1909f56bfc062723c751e8b465ee728b)
Start importing Assets/Sprites/Objects/coin/coin-4.png using Guid(583e4c0b069fe0b4bbb9885b4e688ac3) Importer(815301076,1909f56bfc062723c751e8b465ee728b)  -> (artifact id: 'b565942b92004b3117f5b1fa53a80762') in 0.010132 seconds 
  Import took 0.012308 seconds .

========================================================================
Received Import Request.
  Time since last request: 0.000183 seconds.
  path: Assets/Sprites/Objects/Gem/gem-2.png
  artifactKey: Guid(08301178ccded2d47b9159aa6246bb48) Importer(815301076,1909f56bfc062723c751e8b465ee728b)
Start importing Assets/Sprites/Objects/Gem/gem-2.png using Guid(08301178ccded2d47b9159aa6246bb48) Importer(815301076,1909f56bfc062723c751e8b465ee728b)  -> (artifact id: '8f2092ed7146a08154f90c0813366632') in 0.016516 seconds 
  Import took 0.018545 seconds .

========================================================================
Received Import Request.
  Time since last request: 0.000175 seconds.
  path: Assets/Sprites/Objects/coin/coin-3.png
  artifactKey: Guid(ef67d6897ec860a41bdc879dbb880d0f) Importer(815301076,1909f56bfc062723c751e8b465ee728b)
Start importing Assets/Sprites/Objects/coin/coin-3.png using Guid(ef67d6897ec860a41bdc879dbb880d0f) Importer(815301076,1909f56bfc062723c751e8b465ee728b)  -> (artifact id: '669c3ba5c436822600af11529e039cfa') in 0.013356 seconds 
  Import took 0.015390 seconds .

========================================================================
Received Import Request.
  Time since last request: 0.000187 seconds.
  path: Assets/Sprites/Objects/Gem/gem-4.png
  artifactKey: Guid(56f405ccf7837c041a047005490d5d6c) Importer(815301076,1909f56bfc062723c751e8b465ee728b)
Start importing Assets/Sprites/Objects/Gem/gem-4.png using Guid(56f405ccf7837c041a047005490d5d6c) Importer(815301076,1909f56bfc062723c751e8b465ee728b)  -> (artifact id: '1541c2e3e3552b74a23286f889f324e4') in 0.010517 seconds 
  Import took 0.012774 seconds .

========================================================================
Received Import Request.
  Time since last request: 0.000191 seconds.
  path: Assets/Sprites/Objects/coin/coin-3.png
  artifactKey: Guid(ef67d6897ec860a41bdc879dbb880d0f) Importer(815301076,1909f56bfc062723c751e8b465ee728b)
Start importing Assets/Sprites/Objects/coin/coin-3.png using Guid(ef67d6897ec860a41bdc879dbb880d0f) Importer(815301076,1909f56bfc062723c751e8b465ee728b)  -> (artifact id: '669c3ba5c436822600af11529e039cfa') in 0.010806 seconds 
  Import took 0.012766 seconds .

========================================================================
Received Import Request.
  Time since last request: 0.000154 seconds.
  path: Assets/Sprites/Environment/Tiny RPG Forest/Environment/Tiles/Main.prefab
  artifactKey: Guid(28aa2da99f135394990befa1edbaf9cc) Importer(815301076,1909f56bfc062723c751e8b465ee728b)
Start importing Assets/Sprites/Environment/Tiny RPG Forest/Environment/Tiles/Main.prefab using Guid(28aa2da99f135394990befa1edbaf9cc) Importer(815301076,1909f56bfc062723c751e8b465ee728b)  -> (artifact id: '07b1225517dcd94791ef58422d114fa2') in 0.033985 seconds 
  Import took 0.036532 seconds .

========================================================================
Received Import Request.
  Time since last request: 0.000193 seconds.
  path: Assets/Player Character/Example Character Sheet.png
  artifactKey: Guid(892b3382a4a2b1242adc829e5c453341) Importer(815301076,1909f56bfc062723c751e8b465ee728b)
Start importing Assets/Player Character/Example Character Sheet.png using Guid(892b3382a4a2b1242adc829e5c453341) Importer(815301076,1909f56bfc062723c751e8b465ee728b)  -> (artifact id: '0b8d29784531b074fd091f685f65b68f') in 0.049565 seconds 
  Import took 0.051705 seconds .

========================================================================
Received Import Request.
  Time since last request: 0.000159 seconds.
  path: Assets/Sprites/Objects/Gem/gem-1.png
  artifactKey: Guid(1350093702724b143a2b1c7908889187) Importer(815301076,1909f56bfc062723c751e8b465ee728b)
Start importing Assets/Sprites/Objects/Gem/gem-1.png using Guid(1350093702724b143a2b1c7908889187) Importer(815301076,1909f56bfc062723c751e8b465ee728b)  -> (artifact id: '74d90d423f894d0bf2fa0eb45093cd17') in 0.010363 seconds 
  Import took 0.012547 seconds .

========================================================================
Received Import Request.
  Time since last request: 0.000147 seconds.
  path: Assets/Player Character/Example Character Sheet.png
  artifactKey: Guid(892b3382a4a2b1242adc829e5c453341) Importer(815301076,1909f56bfc062723c751e8b465ee728b)
Start importing Assets/Player Character/Example Character Sheet.png using Guid(892b3382a4a2b1242adc829e5c453341) Importer(815301076,1909f56bfc062723c751e8b465ee728b)  -> (artifact id: '0b8d29784531b074fd091f685f65b68f') in 0.046557 seconds 
  Import took 0.048639 seconds .

========================================================================
Received Import Request.
  Time since last request: 0.000208 seconds.
  path: Assets/Sprites/Objects/sign.png
  artifactKey: Guid(e00fc146e8e93eb4198e634eab41575c) Importer(815301076,1909f56bfc062723c751e8b465ee728b)
Start importing Assets/Sprites/Objects/sign.png using Guid(e00fc146e8e93eb4198e634eab41575c) Importer(815301076,1909f56bfc062723c751e8b465ee728b)  -> (artifact id: 'e06557459fc320fb9f21053b1e7e352c') in 0.012282 seconds 
  Import took 0.015076 seconds .

========================================================================
Received Import Request.
  Time since last request: 0.000150 seconds.
  path: Assets/Sprites/Environment/Tiny RPG Forest/Environment/TinyRPG_Modified V2.psd
  artifactKey: Guid(1dd98a59e8d748f4b9a8078efbeef817) Importer(815301076,1909f56bfc062723c751e8b465ee728b)
Start importing Assets/Sprites/Environment/Tiny RPG Forest/Environment/TinyRPG_Modified V2.psd using Guid(1dd98a59e8d748f4b9a8078efbeef817) Importer(815301076,1909f56bfc062723c751e8b465ee728b)  -> (artifact id: 'e23d784c56414e78b14482f36fc69e2c') in 0.270527 seconds 
  Import took 0.273464 seconds .

========================================================================
Received Import Request.
  Time since last request: 0.000222 seconds.
  path: Assets/Sprites/Objects/sign.png
  artifactKey: Guid(e00fc146e8e93eb4198e634eab41575c) Importer(815301076,1909f56bfc062723c751e8b465ee728b)
Start importing Assets/Sprites/Objects/sign.png using Guid(e00fc146e8e93eb4198e634eab41575c) Importer(815301076,1909f56bfc062723c751e8b465ee728b)  -> (artifact id: 'e06557459fc320fb9f21053b1e7e352c') in 0.007547 seconds 
  Import took 0.009667 seconds .

========================================================================
Received Import Request.
  Time since last request: 0.000143 seconds.
  path: Assets/Sprites/Objects/Gem/gem-1.png
  artifactKey: Guid(1350093702724b143a2b1c7908889187) Importer(815301076,1909f56bfc062723c751e8b465ee728b)
Start importing Assets/Sprites/Objects/Gem/gem-1.png using Guid(1350093702724b143a2b1c7908889187) Importer(815301076,1909f56bfc062723c751e8b465ee728b)  -> (artifact id: '74d90d423f894d0bf2fa0eb45093cd17') in 0.006933 seconds 
  Import took 0.008756 seconds .

========================================================================
Received Prepare
Registering precompiled user dll's ...
Registered in 0.002132 seconds.
Begin MonoManager ReloadAssembly
Native extension for WindowsStandalone target not found
Refreshing native plugins compatible for Editor in 0.46 ms, found 2 plugins.
Preloading 0 native plugins for Editor in 0.00 ms.
Mono: successfully reloaded assembly
- Completed reload, in  0.813 seconds
Domain Reload Profiling:
	ReloadAssembly (814ms)
		BeginReloadAssembly (110ms)
			ExecutionOrderSort (0ms)
			DisableScriptedObjects (7ms)
			BackupInstance (0ms)
			ReleaseScriptingObjects (0ms)
			CreateAndSetChildDomain (34ms)
		EndReloadAssembly (647ms)
			LoadAssemblies (74ms)
			RebuildTransferFunctionScriptingTraits (0ms)
			SetupTypeCache (195ms)
			ReleaseScriptCaches (1ms)
			RebuildScriptCaches (36ms)
			SetupLoadedEditorAssemblies (254ms)
				LogAssemblyErrors (0ms)
				InitializePlatformSupportModulesInManaged (8ms)
				SetLoadedEditorAssemblies (1ms)
				RefreshPlugins (1ms)
				BeforeProcessingInitializeOnLoad (72ms)
				ProcessInitializeOnLoadAttributes (162ms)
				ProcessInitializeOnLoadMethodAttributes (5ms)
				AfterProcessingInitializeOnLoad (5ms)
				EditorAssembliesLoaded (0ms)
			ExecutionOrderSort2 (0ms)
			AwakeInstancesAfterBackupRestoration (5ms)
Platform modules already initialized, skipping
Refreshing native plugins compatible for Editor in 0.42 ms, found 2 plugins.
Preloading 0 native plugins for Editor in 0.00 ms.
Unloading 1460 Unused Serialized files (Serialized files now loaded: 0)
System memory in use before: 70.0 MB.
System memory in use after: 70.1 MB.

Unloading 13 unused Assets to reduce memory usage. Loaded Objects now: 1924.
Total: 1.451700 ms (FindLiveObjects: 0.104100 ms CreateObjectMapping: 0.023700 ms MarkObjects: 1.308900 ms  DeleteObjects: 0.014200 ms)

AssetImportParameters requested are different than current active one (requested -> active):
  custom:framework-win-MediaFoundation: 216162199b28c13a410421893ffa2e32 -> 
  custom:video-decoder-ogg-theora: a1e56fd34408186e4bbccfd4996cb3dc -> 
  custom:container-muxer-webm: aa71ff27fc2769a1b78a27578f13a17b -> 
  custom:container-demuxer-webm: 4f35f7cbe854078d1ac9338744f61a02 -> 
  custom:container-demuxer-ogg: 62fdf1f143b41e24485cea50d1cbac27 -> 
  custom:video-encoder-webm-vp8: eb34c28f22e8b96e1ab97ce403110664 -> 
  custom:video-decoder-webm-vp8: 9c59270c3fd7afecdb556c50c9e8de78 -> 
  custom:audio-decoder-ogg-vorbis: bf7c407c2cedff20999df2af8eb42d56 -> 
  custom:audio-encoder-webm-vorbis: bf7c407c2cedff20999df2af8eb42d56 -> 
========================================================================
Received Import Request.
  Time since last request: 15.336920 seconds.
  path: Assets/Sprites/Environment/Tiny RPG Forest/New Sprite Atlas.spriteatlas
  artifactKey: Guid(97916076d7004e94cae03e891bdba117) Importer(815301076,1909f56bfc062723c751e8b465ee728b)
Start importing Assets/Sprites/Environment/Tiny RPG Forest/New Sprite Atlas.spriteatlas using Guid(97916076d7004e94cae03e891bdba117) Importer(815301076,1909f56bfc062723c751e8b465ee728b)  -> (artifact id: 'a5a30ec91ebfc87443d1599e2d6f9d96') in 0.012514 seconds 
  Import took 0.015344 seconds .

========================================================================
Received Prepare
Registering precompiled user dll's ...
Registered in 0.002247 seconds.
Begin MonoManager ReloadAssembly
Native extension for WindowsStandalone target not found
Refreshing native plugins compatible for Editor in 0.28 ms, found 2 plugins.
Preloading 0 native plugins for Editor in 0.00 ms.
Mono: successfully reloaded assembly
- Completed reload, in  0.770 seconds
Domain Reload Profiling:
	ReloadAssembly (771ms)
		BeginReloadAssembly (102ms)
			ExecutionOrderSort (0ms)
			DisableScriptedObjects (4ms)
			BackupInstance (0ms)
			ReleaseScriptingObjects (0ms)
			CreateAndSetChildDomain (34ms)
		EndReloadAssembly (593ms)
			LoadAssemblies (61ms)
			RebuildTransferFunctionScriptingTraits (0ms)
			SetupTypeCache (213ms)
			ReleaseScriptCaches (1ms)
			RebuildScriptCaches (24ms)
			SetupLoadedEditorAssemblies (224ms)
				LogAssemblyErrors (0ms)
				InitializePlatformSupportModulesInManaged (3ms)
				SetLoadedEditorAssemblies (0ms)
				RefreshPlugins (0ms)
				BeforeProcessingInitializeOnLoad (56ms)
				ProcessInitializeOnLoadAttributes (155ms)
				ProcessInitializeOnLoadMethodAttributes (4ms)
				AfterProcessingInitializeOnLoad (4ms)
				EditorAssembliesLoaded (0ms)
			ExecutionOrderSort2 (0ms)
			AwakeInstancesAfterBackupRestoration (4ms)
Platform modules already initialized, skipping
Refreshing native plugins compatible for Editor in 0.26 ms, found 2 plugins.
Preloading 0 native plugins for Editor in 0.00 ms.
Unloading 1460 Unused Serialized files (Serialized files now loaded: 0)
System memory in use before: 70.1 MB.
System memory in use after: 70.2 MB.

Unloading 14 unused Assets to reduce memory usage. Loaded Objects now: 1927.
Total: 1.656100 ms (FindLiveObjects: 0.126700 ms CreateObjectMapping: 0.028100 ms MarkObjects: 1.478100 ms  DeleteObjects: 0.022600 ms)

AssetImportParameters requested are different than current active one (requested -> active):
  custom:framework-win-MediaFoundation: 216162199b28c13a410421893ffa2e32 -> 
  custom:video-decoder-ogg-theora: a1e56fd34408186e4bbccfd4996cb3dc -> 
  custom:container-muxer-webm: aa71ff27fc2769a1b78a27578f13a17b -> 
  custom:container-demuxer-webm: 4f35f7cbe854078d1ac9338744f61a02 -> 
  custom:container-demuxer-ogg: 62fdf1f143b41e24485cea50d1cbac27 -> 
  custom:video-encoder-webm-vp8: eb34c28f22e8b96e1ab97ce403110664 -> 
  custom:video-decoder-webm-vp8: 9c59270c3fd7afecdb556c50c9e8de78 -> 
  custom:audio-decoder-ogg-vorbis: bf7c407c2cedff20999df2af8eb42d56 -> 
  custom:audio-encoder-webm-vorbis: bf7c407c2cedff20999df2af8eb42d56 -> 
AssetImportWorkerClient::OnTransportError - code=2 error=End of file
